
> auto-signal-bot@1.0.0 analyze
> tsx src/charts/index.ts

[2026-07-12 15:46:22.216 +0700] [32mINFO[39m: [36mChart scanner starting[39m
    [35msource[39m: "charts:index"
    [35margs[39m: [
      {
        "engineMode": "bob-volman",
        "runContext": "manual",
        "timeframeMode": "single",
        "primaryTimeframe": "M15",
        "analysisTimeframe": "M15"
      }
    ]
[2026-07-12 15:46:22.837 +0700] [32mINFO[39m: [36mUsing Bob Volman engine (no AI vision)[39m
    [35msource[39m: "charts:index"
    [35margs[39m: [
      {
        "timeframeMode": "single",
        "primaryTimeframe": "M15",
        "intervals": [
          "M15"
        ]
      }
    ]
[2026-07-12 15:46:24.307 +0700] [32mINFO[39m: [36m  ✓ 64 pairs attempted, 64 summaries, 0 skipped, 7 setup(s) returned by deterministic engine[39m
    [35msource[39m: "charts:deterministic-pipeline"
[2026-07-12 15:46:24.907 +0700] [32mINFO[39m: [36mSetup filtered by freshness guard[39m
    [35msource[39m: "charts:index"
    [35margs[39m: [
      {
        "pair": "ICP/USDT",
        "reason": "Gia da vuot TP1/SL (check gia tuc: 2.25100). Entry: 2.26200, TP1: 2.25100, SL: 2.27300."
      }
    ]
[2026-07-12 15:46:25.544 +0700] [32mINFO[39m: [36mAuto-saved open position[39m
    [35msource[39m: "charts:index"
    [35margs[39m: [
      {
        "pair": "TIA/USDT"
      }
    ]
[2026-07-12 15:46:26.363 +0700] [33mWARN[39m: [36mLeverage cau hinh (75x) vuot muc toi da Binance cho phep voi TIAUSDT (50x) — kep xuong 50x[39m
    [35msource[39m: "charts:binance-execution"
    [35margs[39m: [
      {
        "pair": "TIA/USDT",
        "binanceSymbol": "TIAUSDT"
      }
    ]
[2026-07-12 15:46:26.832 +0700] [31mERROR[39m: [36mKhong the mo vi the Binance Futures[39m
    [35msource[39m: "charts:binance-execution"
    [35margs[39m: [
      {
        "pair": "TIA/USDT",
        "positionId": 5,
        "error": {
          "name": "Error",
          "message": "Binance Futures API loi 400 (code -2021) tai /fapi/v1/algoOrder: Order would immediately trigger.",
          "stack": "Error: Binance Futures API loi 400 (code -2021) tai /fapi/v1/algoOrder: Order would immediately trigger.\n    at withRetry.maxAttempts (H:\LeeSanHoon\auto-signal-bot\src\charts\binance-futures-client.ts:102:29)\n    at process.processTicksAndRejections (node:internal/process/task_queues:105:5)\n    at async withRetry (H:\LeeSanHoon\auto-signal-bot\src\shared\infra\retry.ts:84:14)\n    at async signedRequest (H:\LeeSanHoon\auto-signal-bot\src\charts\binance-futures-client.ts:81:12)\n    at async placeStopMarketEntryOrder (H:\LeeSanHoon\auto-signal-bot\src\charts\binance-futures-client.ts:355:18)\n    at async openBinanceFuturesPosition (H:\LeeSanHoon\auto-signal-bot\src\charts\binance-execution-shared.ts:359:22)\n    at async handleAnalysisResult (H:\LeeSanHoon\auto-signal-bot\src\charts\index.ts:235:17)\n    at async main (H:\LeeSanHoon\auto-signal-bot\src\charts\index.ts:320:5)"
        }
      }
    ]
[2026-07-12 15:46:28.069 +0700] [32mINFO[39m: [36mAuto-saved open position[39m
    [35msource[39m: "charts:index"
    [35margs[39m: [
      {
        "pair": "INJ/USDT"
      }
    ]
[2026-07-12 15:46:28.565 +0700] [33mWARN[39m: [36mLeverage cau hinh (75x) vuot muc toi da Binance cho phep voi INJUSDT (25x) — kep xuong 25x[39m
    [35msource[39m: "charts:binance-execution"
    [35margs[39m: [
      {
        "pair": "INJ/USDT",
        "binanceSymbol": "INJUSDT"
      }
    ]
[2026-07-12 15:46:29.032 +0700] [31mERROR[39m: [36mKhong the mo vi the Binance Futures[39m
    [35msource[39m: "charts:binance-execution"
    [35margs[39m: [
      {
        "pair": "INJ/USDT",
        "positionId": 6,
        "error": {
          "name": "Error",
          "message": "Binance Futures API loi 400 (code -2021) tai /fapi/v1/algoOrder: Order would immediately trigger.",
          "stack": "Error: Binance Futures API loi 400 (code -2021) tai /fapi/v1/algoOrder: Order would immediately trigger.\n    at withRetry.maxAttempts (H:\LeeSanHoon\auto-signal-bot\src\charts\binance-futures-client.ts:102:29)\n    at process.processTicksAndRejections (node:internal/process/task_queues:105:5)\n    at async withRetry (H:\LeeSanHoon\auto-signal-bot\src\shared\infra\retry.ts:84:14)\n    at async signedRequest (H:\LeeSanHoon\auto-signal-bot\src\charts\binance-futures-client.ts:81:12)\n    at async placeStopMarketEntryOrder (H:\LeeSanHoon\auto-signal-bot\src\charts\binance-futures-client.ts:355:18)\n    at async openBinanceFuturesPosition (H:\LeeSanHoon\auto-signal-bot\src\charts\binance-execution-shared.ts:359:22)\n    at async handleAnalysisResult (H:\LeeSanHoon\auto-signal-bot\src\charts\index.ts:235:17)\n    at async main (H:\LeeSanHoon\auto-signal-bot\src\charts\index.ts:320:5)"
        }
      }
    ]
[2026-07-12 15:46:29.457 +0700] [32mINFO[39m: [36mSending results to Telegram[39m
    [35msource[39m: "charts:index"
    [35margs[39m: [
      {
        "source": "live",
        "candleKey": "2026-07-12T08:45:deterministic:single:M15"
      }
    ]
[2026-07-12 15:46:30.848 +0700] [32mINFO[39m: [36m  ✓ Sent setup: TIA/USDT SHORT[39m
    [35msource[39m: "shared:telegram-volman"
[2026-07-12 15:46:32.322 +0700] [32mINFO[39m: [36m  ✓ Sent setup: INJ/USDT LONG[39m
    [35msource[39m: "shared:telegram-volman"
[2026-07-12 15:46:33.754 +0700] [32mINFO[39m: [36mChecking open positions[39m
    [35msource[39m: "charts:index"
[2026-07-12 15:46:33.754 +0700] [32mINFO[39m: [36mCheck open trades starting[39m
    [35msource[39m: "charts:check-open-trades-volman"
[2026-07-12 15:46:34.011 +0700] [32mINFO[39m: [36mLoaded open positions[39m
    [35msource[39m: "charts:check-open-trades-volman"
    [35margs[39m: [
      {
        "count": 2
      }
    ]
[2026-07-12 15:46:34.011 +0700] [32mINFO[39m: [36mChecking open position[39m
    [35msource[39m: "charts:check-open-trades-volman"
    [35margs[39m: [
      {
        "id": 5,
        "pair": "TIA/USDT"
      }
    ]
[2026-07-12 15:46:34.012 +0700] [33mWARN[39m: [36mFailed to fetch OHLC for open position; sending explicit warning[39m
    [35msource[39m: "charts:check-open-trades-volman"
    [35margs[39m: [
      {
        "pair": "TIA/USDT",
        "id": 5
      }
    ]
[2026-07-12 15:46:35.024 +0700] [32mINFO[39m: [36mFinished open position[39m
    [35msource[39m: "charts:check-open-trades-volman"
    [35margs[39m: [
      {
        "id": 5,
        "pair": "TIA/USDT"
      }
    ]
[2026-07-12 15:46:35.024 +0700] [32mINFO[39m: [36mChecking open position[39m
    [35msource[39m: "charts:check-open-trades-volman"
    [35margs[39m: [
      {
        "id": 6,
        "pair": "INJ/USDT"
      }
    ]
[2026-07-12 15:46:35.024 +0700] [33mWARN[39m: [36mFailed to fetch OHLC for open position; sending explicit warning[39m
    [35msource[39m: "charts:check-open-trades-volman"
    [35margs[39m: [
      {
        "pair": "INJ/USDT",
        "id": 6
      }
    ]
[2026-07-12 15:46:36.583 +0700] [32mINFO[39m: [36mFinished open position[39m
    [35msource[39m: "charts:check-open-trades-volman"
    [35margs[39m: [
      {
        "id": 6,
        "pair": "INJ/USDT"
      }
    ]
[2026-07-12 15:46:36.583 +0700] [32mINFO[39m: [36mCheck open trades complete[39m
    [35msource[39m: "charts:check-open-trades-volman"
[2026-07-12 15:46:36.583 +0700] [32mINFO[39m: [36mPolling pending entry orders[39m
    [35msource[39m: "charts:index"
[2026-07-12 15:46:36.733 +0700] [32mINFO[39m: [36mRun complete[39m
    [35msource[39m: "charts:index"
    [35margs[39m: [
      {
        "scannedPairs": 64,
        "attemptedPairs": 64,
        "summaryPairs": 64,
        "skippedPairs": 0,
        "setupCount": 7,
        "elapsedSeconds": 14.5,
        "engineMode": "bob-volman",
        "runContext": "manual",
        "timeframeMode": "single",
        "primaryTimeframe": "M15",
        "analysisTimeframe": "M15",
        "openTradeNotifications": 2
      }
    ]
