
> auto-signal-bot@1.0.0 analyze
> tsx src/charts/index.ts

[2026-07-12 15:51:06.559 +0700] [32mINFO[39m: [36mChart scanner starting[39m
    [35msource[39m: "charts:index"
    [35margs[39m: [
      {
        "engineMode": "bob-volman",
        "runContext": "manual",
        "timeframeMode": "single",
        "primaryTimeframe": "M15",
        "analysisTimeframe": "M15"
      }
    ]
[2026-07-12 15:51:08.082 +0700] [32mINFO[39m: [36mSetup filtered by freshness guard[39m
    [35msource[39m: "charts:index"
    [35margs[39m: [
      {
        "pair": "ICP/USDT",
        "reason": "Gia da vuot TP1/SL (check gia tuc: 2.24900). Entry: 2.26200, TP1: 2.25100, SL: 2.27300."
      }
    ]
[2026-07-12 15:51:08.960 +0700] [32mINFO[39m: [36mAuto-saved open position[39m
    [35msource[39m: "charts:index"
    [35margs[39m: [
      {
        "pair": "TIA/USDT"
      }
    ]
[2026-07-12 15:51:09.863 +0700] [33mWARN[39m: [36mLeverage cau hinh (75x) vuot muc toi da Binance cho phep voi TIAUSDT (50x) — kep xuong 50x[39m
    [35msource[39m: "charts:binance-execution"
    [35margs[39m: [
      {
        "pair": "TIA/USDT",
        "binanceSymbol": "TIAUSDT"
      }
    ]
[2026-07-12 15:51:12.226 +0700] [32mINFO[39m: [36mAuto-saved open position[39m
    [35msource[39m: "charts:index"
    [35margs[39m: [
      {
        "pair": "INJ/USDT"
      }
    ]
[2026-07-12 15:51:12.787 +0700] [33mWARN[39m: [36mLeverage cau hinh (75x) vuot muc toi da Binance cho phep voi INJUSDT (25x) — kep xuong 25x[39m
    [35msource[39m: "charts:binance-execution"
    [35margs[39m: [
      {
        "pair": "INJ/USDT",
        "binanceSymbol": "INJUSDT"
      }
    ]
[2026-07-12 15:51:14.257 +0700] [32mINFO[39m: [36mSending results to Telegram[39m
    [35msource[39m: "charts:index"
    [35margs[39m: [
      {
        "source": "cached",
        "candleKey": "2026-07-12T08:45:deterministic:single:M15"
      }
    ]
[2026-07-12 15:51:15.690 +0700] [32mINFO[39m: [36m  ✓ Sent setup: TIA/USDT SHORT[39m
    [35msource[39m: "shared:telegram-volman"
[2026-07-12 15:51:17.169 +0700] [32mINFO[39m: [36m  ✓ Sent setup: INJ/USDT LONG[39m
    [35msource[39m: "shared:telegram-volman"
[2026-07-12 15:51:18.608 +0700] [32mINFO[39m: [36mChecking open positions[39m
    [35msource[39m: "charts:index"
[2026-07-12 15:51:18.608 +0700] [32mINFO[39m: [36mCheck open trades starting[39m
    [35msource[39m: "charts:check-open-trades-volman"
[2026-07-12 15:51:18.932 +0700] [32mINFO[39m: [36mLoaded open positions[39m
    [35msource[39m: "charts:check-open-trades-volman"
    [35margs[39m: [
      {
        "count": 2
      }
    ]
[2026-07-12 15:51:18.932 +0700] [32mINFO[39m: [36mChecking open position[39m
    [35msource[39m: "charts:check-open-trades-volman"
    [35margs[39m: [
      {
        "id": 7,
        "pair": "TIA/USDT"
      }
    ]
[2026-07-12 15:51:19.952 +0700] [32mINFO[39m: [36mFinished open position[39m
    [35msource[39m: "charts:check-open-trades-volman"
    [35margs[39m: [
      {
        "id": 7,
        "pair": "TIA/USDT"
      }
    ]
[2026-07-12 15:51:19.952 +0700] [32mINFO[39m: [36mChecking open position[39m
    [35msource[39m: "charts:check-open-trades-volman"
    [35margs[39m: [
      {
        "id": 8,
        "pair": "INJ/USDT"
      }
    ]
[2026-07-12 15:51:20.903 +0700] [32mINFO[39m: [36mFinished open position[39m
    [35msource[39m: "charts:check-open-trades-volman"
    [35margs[39m: [
      {
        "id": 8,
        "pair": "INJ/USDT"
      }
    ]
[2026-07-12 15:51:20.903 +0700] [32mINFO[39m: [36mCheck open trades complete[39m
    [35msource[39m: "charts:check-open-trades-volman"
[2026-07-12 15:51:20.903 +0700] [32mINFO[39m: [36mPolling pending entry orders[39m
    [35msource[39m: "charts:index"
[2026-07-12 15:51:20.904 +0700] [32mINFO[39m: [36mRun complete[39m
    [35msource[39m: "charts:index"
    [35margs[39m: [
      {
        "scannedPairs": 64,
        "attemptedPairs": 64,
        "summaryPairs": 64,
        "skippedPairs": 0,
        "setupCount": 7,
        "elapsedSeconds": 14.3,
        "engineMode": "bob-volman",
        "runContext": "manual",
        "timeframeMode": "single",
        "primaryTimeframe": "M15",
        "analysisTimeframe": "M15",
        "openTradeNotifications": 2
      }
    ]
