
> auto-signal-bot@1.0.0 analyze
> tsx src/charts/index.ts

[2026-07-12 15:39:51.055 +0700] [32mINFO[39m: [36mChart scanner starting[39m
    [35msource[39m: "charts:index"
    [35margs[39m: [
      {
        "engineMode": "bob-volman",
        "runContext": "manual",
        "timeframeMode": "single",
        "primaryTimeframe": "M15",
        "analysisTimeframe": "M15"
      }
    ]
[2026-07-12 15:39:52.210 +0700] [32mINFO[39m: [36mUsing Bob Volman engine (no AI vision)[39m
    [35msource[39m: "charts:index"
    [35margs[39m: [
      {
        "timeframeMode": "single",
        "primaryTimeframe": "M15",
        "intervals": [
          "M15"
        ]
      }
    ]
[2026-07-12 15:39:53.862 +0700] [32mINFO[39m: [36m  ✓ 64 pairs attempted, 64 summaries, 0 skipped, 5 setup(s) returned by deterministic engine[39m
    [35msource[39m: "charts:deterministic-pipeline"
[2026-07-12 15:39:54.905 +0700] [32mINFO[39m: [36mAuto-saved open position[39m
    [35msource[39m: "charts:index"
    [35margs[39m: [
      {
        "pair": "INJ/USDT"
      }
    ]
[2026-07-12 15:39:56.007 +0700] [31mERROR[39m: [36mKhong the mo vi the Binance Futures[39m
    [35msource[39m: "charts:binance-execution"
    [35margs[39m: [
      {
        "pair": "INJ/USDT",
        "positionId": 4,
        "error": {
          "name": "Error",
          "message": "Binance Futures API loi 400 (code -4028) tai /fapi/v1/leverage: Leverage 75 is not valid",
          "stack": "Error: Binance Futures API loi 400 (code -4028) tai /fapi/v1/leverage: Leverage 75 is not valid\n    at withRetry.maxAttempts (H:\LeeSanHoon\auto-signal-bot\src\charts\binance-futures-client.ts:102:29)\n    at process.processTicksAndRejections (node:internal/process/task_queues:105:5)\n    at async withRetry (H:\LeeSanHoon\auto-signal-bot\src\shared\infra\retry.ts:84:14)\n    at async signedRequest (H:\LeeSanHoon\auto-signal-bot\src\charts\binance-futures-client.ts:81:12)\n    at async setLeverage (H:\LeeSanHoon\auto-signal-bot\src\charts\binance-futures-client.ts:215:18)\n    at async openBinanceFuturesPosition (H:\LeeSanHoon\auto-signal-bot\src\charts\binance-execution-shared.ts:254:30)\n    at async handleAnalysisResult (H:\LeeSanHoon\auto-signal-bot\src\charts\index.ts:235:17)\n    at async main (H:\LeeSanHoon\auto-signal-bot\src\charts\index.ts:320:5)"
        }
      }
    ]
[2026-07-12 15:39:56.925 +0700] [32mINFO[39m: [36mSending results to Telegram[39m
    [35msource[39m: "charts:index"
    [35margs[39m: [
      {
        "source": "live",
        "candleKey": "2026-07-12T08:30:deterministic:single:M15"
      }
    ]
[2026-07-12 15:39:58.335 +0700] [32mINFO[39m: [36m  ✓ Sent setup: INJ/USDT LONG[39m
    [35msource[39m: "shared:telegram-volman"
[2026-07-12 15:39:59.778 +0700] [32mINFO[39m: [36mChecking open positions[39m
    [35msource[39m: "charts:index"
[2026-07-12 15:39:59.778 +0700] [32mINFO[39m: [36mCheck open trades starting[39m
    [35msource[39m: "charts:check-open-trades-volman"
[2026-07-12 15:39:59.966 +0700] [32mINFO[39m: [36mLoaded open positions[39m
    [35msource[39m: "charts:check-open-trades-volman"
    [35margs[39m: [
      {
        "count": 1
      }
    ]
[2026-07-12 15:39:59.966 +0700] [32mINFO[39m: [36mChecking open position[39m
    [35msource[39m: "charts:check-open-trades-volman"
    [35margs[39m: [
      {
        "id": 4,
        "pair": "INJ/USDT"
      }
    ]
[2026-07-12 15:39:59.966 +0700] [33mWARN[39m: [36mFailed to fetch OHLC for open position; sending explicit warning[39m
    [35msource[39m: "charts:check-open-trades-volman"
    [35margs[39m: [
      {
        "pair": "INJ/USDT",
        "id": 4
      }
    ]
[2026-07-12 15:40:01.029 +0700] [32mINFO[39m: [36mFinished open position[39m
    [35msource[39m: "charts:check-open-trades-volman"
    [35margs[39m: [
      {
        "id": 4,
        "pair": "INJ/USDT"
      }
    ]
[2026-07-12 15:40:01.029 +0700] [32mINFO[39m: [36mCheck open trades complete[39m
    [35msource[39m: "charts:check-open-trades-volman"
[2026-07-12 15:40:01.029 +0700] [32mINFO[39m: [36mPolling pending entry orders[39m
    [35msource[39m: "charts:index"
[2026-07-12 15:40:01.217 +0700] [32mINFO[39m: [36mRun complete[39m
    [35msource[39m: "charts:index"
    [35margs[39m: [
      {
        "scannedPairs": 64,
        "attemptedPairs": 64,
        "summaryPairs": 64,
        "skippedPairs": 0,
        "setupCount": 5,
        "elapsedSeconds": 10.2,
        "engineMode": "bob-volman",
        "runContext": "manual",
        "timeframeMode": "single",
        "primaryTimeframe": "M15",
        "analysisTimeframe": "M15",
        "openTradeNotifications": 1
      }
    ]
