
> auto-signal-bot@1.0.0 analyze
> tsx src/charts/index.ts

[2026-07-12 15:59:47.362 +0700] [32mINFO[39m: [36mChart scanner starting[39m
    [35msource[39m: "charts:index"
    [35margs[39m: [
      {
        "engineMode": "bob-volman",
        "runContext": "manual",
        "timeframeMode": "single",
        "primaryTimeframe": "H4",
        "analysisTimeframe": "H4"
      }
    ]
[2026-07-12 15:59:48.813 +0700] [32mINFO[39m: [36mSending results to Telegram[39m
    [35msource[39m: "charts:index"
    [35margs[39m: [
      {
        "source": "cached",
        "candleKey": "2026-07-12T08:deterministic:single:H4"
      }
    ]
[2026-07-12 15:59:49.783 +0700] [32mINFO[39m: [36m  → No setups above threshold (70%). Notification sent with 0 eligible summaries (từ cache).[39m
    [35msource[39m: "shared:telegram-volman"
[2026-07-12 15:59:49.783 +0700] [32mINFO[39m: [36mChecking open positions[39m
    [35msource[39m: "charts:index"
[2026-07-12 15:59:49.783 +0700] [32mINFO[39m: [36mCheck open trades starting[39m
    [35msource[39m: "charts:check-open-trades-volman"
[2026-07-12 15:59:50.008 +0700] [32mINFO[39m: [36mLoaded open positions[39m
    [35msource[39m: "charts:check-open-trades-volman"
    [35margs[39m: [
      {
        "count": 2
      }
    ]
[2026-07-12 15:59:50.008 +0700] [32mINFO[39m: [36mChecking open position[39m
    [35msource[39m: "charts:check-open-trades-volman"
    [35margs[39m: [
      {
        "id": 7,
        "pair": "TIA/USDT"
      }
    ]
[2026-07-12 15:59:51.155 +0700] [32mINFO[39m: [36mFinished open position[39m
    [35msource[39m: "charts:check-open-trades-volman"
    [35margs[39m: [
      {
        "id": 7,
        "pair": "TIA/USDT"
      }
    ]
[2026-07-12 15:59:51.155 +0700] [32mINFO[39m: [36mChecking open position[39m
    [35msource[39m: "charts:check-open-trades-volman"
    [35margs[39m: [
      {
        "id": 8,
        "pair": "INJ/USDT"
      }
    ]
[2026-07-12 15:59:52.123 +0700] [32mINFO[39m: [36mFinished open position[39m
    [35msource[39m: "charts:check-open-trades-volman"
    [35margs[39m: [
      {
        "id": 8,
        "pair": "INJ/USDT"
      }
    ]
[2026-07-12 15:59:52.123 +0700] [32mINFO[39m: [36mCheck open trades complete[39m
    [35msource[39m: "charts:check-open-trades-volman"
[2026-07-12 15:59:52.123 +0700] [32mINFO[39m: [36mPolling pending entry orders[39m
    [35msource[39m: "charts:index"
[2026-07-12 15:59:52.319 +0700] [32mINFO[39m: [36mRun complete[39m
    [35msource[39m: "charts:index"
    [35margs[39m: [
      {
        "scannedPairs": 64,
        "attemptedPairs": 64,
        "summaryPairs": 0,
        "skippedPairs": 64,
        "setupCount": 0,
        "elapsedSeconds": 5,
        "engineMode": "bob-volman",
        "runContext": "manual",
        "timeframeMode": "single",
        "primaryTimeframe": "H4",
        "analysisTimeframe": "H4",
        "openTradeNotifications": 2
      }
    ]
