
> auto-signal-bot@1.0.0 analyze
> tsx src/charts/index.ts

[2026-07-12 15:44:30.372 +0700] [32mINFO[39m: [36mChart scanner starting[39m
    [35msource[39m: "charts:index"
    [35margs[39m: [
      {
        "engineMode": "bob-volman",
        "runContext": "manual",
        "timeframeMode": "single",
        "primaryTimeframe": "M15",
        "analysisTimeframe": "M15"
      }
    ]
[2026-07-12 15:44:32.256 +0700] [32mINFO[39m: [36mSkipped duplicate open position[39m
    [35msource[39m: "charts:index"
    [35margs[39m: [
      {
        "pair": "INJ/USDT"
      }
    ]
[2026-07-12 15:44:32.256 +0700] [32mINFO[39m: [36mSending results to Telegram[39m
    [35msource[39m: "charts:index"
    [35margs[39m: [
      {
        "source": "cached",
        "candleKey": "2026-07-12T08:30:deterministic:single:M15"
      }
    ]
[2026-07-12 15:44:34.225 +0700] [32mINFO[39m: [36m  ✓ Sent setup: INJ/USDT LONG[39m
    [35msource[39m: "shared:telegram-volman"
[2026-07-12 15:44:35.670 +0700] [32mINFO[39m: [36mChecking open positions[39m
    [35msource[39m: "charts:index"
[2026-07-12 15:44:35.670 +0700] [32mINFO[39m: [36mCheck open trades starting[39m
    [35msource[39m: "charts:check-open-trades-volman"
[2026-07-12 15:44:35.871 +0700] [32mINFO[39m: [36mLoaded open positions[39m
    [35msource[39m: "charts:check-open-trades-volman"
    [35margs[39m: [
      {
        "count": 1
      }
    ]
[2026-07-12 15:44:35.871 +0700] [32mINFO[39m: [36mChecking open position[39m
    [35msource[39m: "charts:check-open-trades-volman"
    [35margs[39m: [
      {
        "id": 4,
        "pair": "INJ/USDT"
      }
    ]
[2026-07-12 15:44:35.871 +0700] [33mWARN[39m: [36mFailed to fetch OHLC for open position; sending explicit warning[39m
    [35msource[39m: "charts:check-open-trades-volman"
    [35margs[39m: [
      {
        "pair": "INJ/USDT",
        "id": 4
      }
    ]
[2026-07-12 15:44:37.015 +0700] [32mINFO[39m: [36mFinished open position[39m
    [35msource[39m: "charts:check-open-trades-volman"
    [35margs[39m: [
      {
        "id": 4,
        "pair": "INJ/USDT"
      }
    ]
[2026-07-12 15:44:37.015 +0700] [32mINFO[39m: [36mCheck open trades complete[39m
    [35msource[39m: "charts:check-open-trades-volman"
[2026-07-12 15:44:37.015 +0700] [32mINFO[39m: [36mPolling pending entry orders[39m
    [35msource[39m: "charts:index"
[2026-07-12 15:44:37.188 +0700] [32mINFO[39m: [36mRun complete[39m
    [35msource[39m: "charts:index"
    [35margs[39m: [
      {
        "scannedPairs": 64,
        "attemptedPairs": 64,
        "summaryPairs": 64,
        "skippedPairs": 0,
        "setupCount": 5,
        "elapsedSeconds": 6.8,
        "engineMode": "bob-volman",
        "runContext": "manual",
        "timeframeMode": "single",
        "primaryTimeframe": "M15",
        "analysisTimeframe": "M15",
        "openTradeNotifications": 1
      }
    ]
