
> auto-signal-bot@1.0.0 analyze
> tsx src/charts/index.ts

[2026-07-12 17:38:28.799 +0700] [32mINFO[39m: [36mChart scanner starting[39m
    [35msource[39m: "charts:index"
    [35margs[39m: [
      {
        "engineMode": "bob-volman",
        "runContext": "manual",
        "timeframeMode": "single",
        "primaryTimeframe": "M15",
        "analysisTimeframe": "M15"
      }
    ]
[2026-07-12 17:38:30.218 +0700] [32mINFO[39m: [36mSetup filtered by freshness guard[39m
    [35msource[39m: "charts:index"
    [35margs[39m: [
      {
        "pair": "PAXG/USDT",
        "reason": "Gia da vuot TP1/SL (check gia tuc: 4100.52). Entry: 4099.64, TP1: 4099.69, SL: 4099.63."
      }
    ]
[2026-07-12 17:38:30.626 +0700] [32mINFO[39m: [36mSkipped duplicate open position[39m
    [35msource[39m: "charts:index"
    [35margs[39m: [
      {
        "pair": "PYTH/USDT"
      }
    ]
[2026-07-12 17:38:30.626 +0700] [32mINFO[39m: [36mSending results to Telegram[39m
    [35msource[39m: "charts:index"
    [35margs[39m: [
      {
        "source": "cached",
        "candleKey": "2026-07-12T10:30:deterministic:single:M15"
      }
    ]
[2026-07-12 17:38:32.501 +0700] [32mINFO[39m: [36m  ✓ Sent setup: PYTH/USDT SHORT[39m
    [35msource[39m: "shared:telegram-volman"
[2026-07-12 17:38:33.944 +0700] [32mINFO[39m: [36mChecking open positions[39m
    [35msource[39m: "charts:index"
[2026-07-12 17:38:33.944 +0700] [32mINFO[39m: [36mCheck open trades starting[39m
    [35msource[39m: "charts:check-open-trades-volman"
    [35margs[39m: [
      {
        "timeframe": "M15"
      }
    ]
[2026-07-12 17:38:34.149 +0700] [32mINFO[39m: [36mLoaded open positions[39m
    [35msource[39m: "charts:check-open-trades-volman"
    [35margs[39m: [
      {
        "count": 4
      }
    ]
[2026-07-12 17:38:34.149 +0700] [32mINFO[39m: [36mChecking open position[39m
    [35msource[39m: "charts:check-open-trades-volman"
    [35margs[39m: [
      {
        "id": 7,
        "pair": "TIA/USDT"
      }
    ]
[2026-07-12 17:38:35.700 +0700] [32mINFO[39m: [36mFinished open position[39m
    [35msource[39m: "charts:check-open-trades-volman"
    [35margs[39m: [
      {
        "id": 7,
        "pair": "TIA/USDT"
      }
    ]
[2026-07-12 17:38:35.700 +0700] [32mINFO[39m: [36mChecking open position[39m
    [35msource[39m: "charts:check-open-trades-volman"
    [35margs[39m: [
      {
        "id": 8,
        "pair": "INJ/USDT"
      }
    ]
[2026-07-12 17:38:36.655 +0700] [32mINFO[39m: [36mFinished open position[39m
    [35msource[39m: "charts:check-open-trades-volman"
    [35margs[39m: [
      {
        "id": 8,
        "pair": "INJ/USDT"
      }
    ]
[2026-07-12 17:38:36.655 +0700] [32mINFO[39m: [36mChecking open position[39m
    [35msource[39m: "charts:check-open-trades-volman"
    [35margs[39m: [
      {
        "id": 9,
        "pair": "JTO/USDT"
      }
    ]
[2026-07-12 17:38:37.558 +0700] [32mINFO[39m: [36mFinished open position[39m
    [35msource[39m: "charts:check-open-trades-volman"
    [35margs[39m: [
      {
        "id": 9,
        "pair": "JTO/USDT"
      }
    ]
[2026-07-12 17:38:37.558 +0700] [32mINFO[39m: [36mChecking open position[39m
    [35msource[39m: "charts:check-open-trades-volman"
    [35margs[39m: [
      {
        "id": 12,
        "pair": "PYTH/USDT"
      }
    ]
[2026-07-12 17:38:37.558 +0700] [33mWARN[39m: [36mFailed to fetch OHLC for open position; sending explicit warning[39m
    [35msource[39m: "charts:check-open-trades-volman"
    [35margs[39m: [
      {
        "pair": "PYTH/USDT",
        "id": 12
      }
    ]
[2026-07-12 17:38:38.628 +0700] [32mINFO[39m: [36mFinished open position[39m
    [35msource[39m: "charts:check-open-trades-volman"
    [35margs[39m: [
      {
        "id": 12,
        "pair": "PYTH/USDT"
      }
    ]
[2026-07-12 17:38:38.628 +0700] [32mINFO[39m: [36mCheck open trades complete[39m
    [35msource[39m: "charts:check-open-trades-volman"
[2026-07-12 17:38:38.628 +0700] [32mINFO[39m: [36mPolling pending entry orders[39m
    [35msource[39m: "charts:index"
    [35margs[39m: [
      {
        "timeframe": "M15"
      }
    ]
[2026-07-12 17:38:38.792 +0700] [32mINFO[39m: [36mRun complete[39m
    [35msource[39m: "charts:index"
    [35margs[39m: [
      {
        "scannedPairs": 64,
        "attemptedPairs": 64,
        "summaryPairs": 64,
        "skippedPairs": 0,
        "setupCount": 4,
        "elapsedSeconds": 10,
        "engineMode": "bob-volman",
        "runContext": "manual",
        "timeframeMode": "single",
        "primaryTimeframe": "M15",
        "analysisTimeframe": "M15",
        "openTradeNotifications": 4
      }
    ]
