
> auto-signal-bot@1.0.0 analyze
> tsx src/charts/index.ts

[2026-07-12 17:34:09.759 +0700] [32mINFO[39m: [36mChart scanner starting[39m
    [35msource[39m: "charts:index"
    [35margs[39m: [
      {
        "engineMode": "bob-volman",
        "runContext": "manual",
        "timeframeMode": "single",
        "primaryTimeframe": "M15",
        "analysisTimeframe": "M15"
      }
    ]
[2026-07-12 17:34:11.271 +0700] [32mINFO[39m: [36mUsing Bob Volman engine (no AI vision)[39m
    [35msource[39m: "charts:index"
    [35margs[39m: [
      {
        "timeframeMode": "single",
        "primaryTimeframe": "M15",
        "intervals": [
          "M15"
        ]
      }
    ]
[2026-07-12 17:34:13.249 +0700] [32mINFO[39m: [36m  ✓ 64 pairs attempted, 64 summaries, 0 skipped, 4 setup(s) returned by deterministic engine[39m
    [35msource[39m: "charts:deterministic-pipeline"
[2026-07-12 17:34:13.639 +0700] [32mINFO[39m: [36mSetup filtered by freshness guard[39m
    [35msource[39m: "charts:index"
    [35margs[39m: [
      {
        "pair": "PAXG/USDT",
        "reason": "Gia da vuot TP1/SL (check gia tuc: 4100.51). Entry: 4099.64, TP1: 4099.69, SL: 4099.63."
      }
    ]
[2026-07-12 17:34:14.208 +0700] [32mINFO[39m: [36mAuto-saved open position[39m
    [35msource[39m: "charts:index"
    [35margs[39m: [
      {
        "pair": "PYTH/USDT"
      }
    ]
[2026-07-12 17:34:15.103 +0700] [33mWARN[39m: [36mLeverage cau hinh (75x) vuot muc toi da Binance cho phep voi PYTHUSDT (50x) — kep xuong 50x[39m
    [35msource[39m: "charts:binance-execution"
    [35margs[39m: [
      {
        "pair": "PYTH/USDT",
        "binanceSymbol": "PYTHUSDT"
      }
    ]
[2026-07-12 17:34:15.571 +0700] [31mERROR[39m: [36mKhong the mo vi the Binance Futures[39m
    [35msource[39m: "charts:binance-execution"
    [35margs[39m: [
      {
        "pair": "PYTH/USDT",
        "positionId": 12,
        "error": {
          "name": "Error",
          "message": "Binance Futures API loi 400 (code -2021) tai /fapi/v1/algoOrder: Order would immediately trigger.",
          "stack": "Error: Binance Futures API loi 400 (code -2021) tai /fapi/v1/algoOrder: Order would immediately trigger.\n    at withRetry.maxAttempts (H:\LeeSanHoon\auto-signal-bot\src\charts\binance-futures-client.ts:102:29)\n    at process.processTicksAndRejections (node:internal/process/task_queues:105:5)\n    at async withRetry (H:\LeeSanHoon\auto-signal-bot\src\shared\infra\retry.ts:84:14)\n    at async signedRequest (H:\LeeSanHoon\auto-signal-bot\src\charts\binance-futures-client.ts:81:12)\n    at async placeStopMarketEntryOrder (H:\LeeSanHoon\auto-signal-bot\src\charts\binance-futures-client.ts:355:18)\n    at async openBinanceFuturesPosition (H:\LeeSanHoon\auto-signal-bot\src\charts\binance-execution-shared.ts:400:22)\n    at async handleAnalysisResult (H:\LeeSanHoon\auto-signal-bot\src\charts\index.ts:226:17)\n    at async main (H:\LeeSanHoon\auto-signal-bot\src\charts\index.ts:311:5)"
        }
      }
    ]
[2026-07-12 17:34:16.508 +0700] [32mINFO[39m: [36mSending results to Telegram[39m
    [35msource[39m: "charts:index"
    [35margs[39m: [
      {
        "source": "live",
        "candleKey": "2026-07-12T10:30:deterministic:single:M15"
      }
    ]
[2026-07-12 17:34:17.895 +0700] [32mINFO[39m: [36m  ✓ Sent setup: PYTH/USDT SHORT[39m
    [35msource[39m: "shared:telegram-volman"
[2026-07-12 17:34:19.340 +0700] [32mINFO[39m: [36mChecking open positions[39m
    [35msource[39m: "charts:index"
[2026-07-12 17:34:19.340 +0700] [32mINFO[39m: [36mCheck open trades starting[39m
    [35msource[39m: "charts:check-open-trades-volman"
    [35margs[39m: [
      {
        "timeframe": "M15"
      }
    ]
[2026-07-12 17:34:19.530 +0700] [32mINFO[39m: [36mLoaded open positions[39m
    [35msource[39m: "charts:check-open-trades-volman"
    [35margs[39m: [
      {
        "count": 4
      }
    ]
[2026-07-12 17:34:19.530 +0700] [32mINFO[39m: [36mChecking open position[39m
    [35msource[39m: "charts:check-open-trades-volman"
    [35margs[39m: [
      {
        "id": 7,
        "pair": "TIA/USDT"
      }
    ]
[2026-07-12 17:34:20.828 +0700] [32mINFO[39m: [36mFinished open position[39m
    [35msource[39m: "charts:check-open-trades-volman"
    [35margs[39m: [
      {
        "id": 7,
        "pair": "TIA/USDT"
      }
    ]
[2026-07-12 17:34:20.828 +0700] [32mINFO[39m: [36mChecking open position[39m
    [35msource[39m: "charts:check-open-trades-volman"
    [35margs[39m: [
      {
        "id": 8,
        "pair": "INJ/USDT"
      }
    ]
[2026-07-12 17:34:21.777 +0700] [32mINFO[39m: [36mFinished open position[39m
    [35msource[39m: "charts:check-open-trades-volman"
    [35margs[39m: [
      {
        "id": 8,
        "pair": "INJ/USDT"
      }
    ]
[2026-07-12 17:34:21.777 +0700] [32mINFO[39m: [36mChecking open position[39m
    [35msource[39m: "charts:check-open-trades-volman"
    [35margs[39m: [
      {
        "id": 9,
        "pair": "JTO/USDT"
      }
    ]
[2026-07-12 17:34:22.383 +0700] [32mINFO[39m: [36mFinished open position[39m
    [35msource[39m: "charts:check-open-trades-volman"
    [35margs[39m: [
      {
        "id": 9,
        "pair": "JTO/USDT"
      }
    ]
[2026-07-12 17:34:22.383 +0700] [32mINFO[39m: [36mChecking open position[39m
    [35msource[39m: "charts:check-open-trades-volman"
    [35margs[39m: [
      {
        "id": 12,
        "pair": "PYTH/USDT"
      }
    ]
[2026-07-12 17:34:22.384 +0700] [33mWARN[39m: [36mFailed to fetch OHLC for open position; sending explicit warning[39m
    [35msource[39m: "charts:check-open-trades-volman"
    [35margs[39m: [
      {
        "pair": "PYTH/USDT",
        "id": 12
      }
    ]
[2026-07-12 17:34:23.424 +0700] [32mINFO[39m: [36mFinished open position[39m
    [35msource[39m: "charts:check-open-trades-volman"
    [35margs[39m: [
      {
        "id": 12,
        "pair": "PYTH/USDT"
      }
    ]
[2026-07-12 17:34:23.424 +0700] [32mINFO[39m: [36mCheck open trades complete[39m
    [35msource[39m: "charts:check-open-trades-volman"
[2026-07-12 17:34:23.424 +0700] [32mINFO[39m: [36mPolling pending entry orders[39m
    [35msource[39m: "charts:index"
    [35margs[39m: [
      {
        "timeframe": "M15"
      }
    ]
[2026-07-12 17:34:23.695 +0700] [32mINFO[39m: [36mEntry order filled, placing SL/TP[39m
    [35msource[39m: "charts:binance-execution"
    [35margs[39m: [
      {
        "pair": "JTO/USDT",
        "orderId": 1000000133548195
      }
    ]
[2026-07-12 17:34:23.805 +0700] [33mWARN[39m: [36mKhong xac minh duoc quantity thuc te tren san sau fill, dung quantity du kien luc dat entry[39m
    [35msource[39m: "charts:binance-execution"
    [35margs[39m: [
      {
        "symbol": "JTOUSDT",
        "fallbackQuantity": 1639,
        "positionAmtResult": 0
      }
    ]
[2026-07-12 17:34:23.922 +0700] [31mERROR[39m: [36mDat SL/TP that bai sau entry, dong vi the fail-safe[39m
    [35msource[39m: "charts:binance-execution"
    [35margs[39m: [
      {
        "binanceSymbol": "JTOUSDT",
        "positionId": 9,
        "error": {
          "name": "Error",
          "message": "Binance Futures API loi 400 (code -4509) tai /fapi/v1/algoOrder: Time in Force (TIF) GTE can only be used with open positions. Please ensure that positions are available.",
          "stack": "Error: Binance Futures API loi 400 (code -4509) tai /fapi/v1/algoOrder: Time in Force (TIF) GTE can only be used with open positions. Please ensure that positions are available.\n    at withRetry.maxAttempts (H:\LeeSanHoon\auto-signal-bot\src\charts\binance-futures-client.ts:102:29)\n    at process.processTicksAndRejections (node:internal/process/task_queues:105:5)\n    at async withRetry (H:\LeeSanHoon\auto-signal-bot\src\shared\infra\retry.ts:84:14)\n    at async signedRequest (H:\LeeSanHoon\auto-signal-bot\src\charts\binance-futures-client.ts:81:12)\n    at async placeStopMarketOrder (H:\LeeSanHoon\auto-signal-bot\src\charts\binance-futures-client.ts:282:18)\n    at async placeProtectionOrdersAndFinalize (H:\LeeSanHoon\auto-signal-bot\src\charts\binance-execution-shared.ts:477:21)\n    at async pollPendingEntryOrders (H:\LeeSanHoon\auto-signal-bot\src\charts\binance-execution-shared.ts:1083:11)\n    at async main (H:\LeeSanHoon\auto-signal-bot\src\charts\index.ts:325:5)"
        }
      }
    ]
[2026-07-12 17:34:24.865 +0700] [31mERROR[39m: [36mKhong dat duoc SL/TP sau khi entry fill[39m
    [35msource[39m: "charts:binance-execution"
    [35margs[39m: [
      {
        "pair": "JTO/USDT",
        "error": {
          "name": "Error",
          "message": "Binance Futures API loi 400 (code -4509) tai /fapi/v1/algoOrder: Time in Force (TIF) GTE can only be used with open positions. Please ensure that positions are available.",
          "stack": "Error: Binance Futures API loi 400 (code -4509) tai /fapi/v1/algoOrder: Time in Force (TIF) GTE can only be used with open positions. Please ensure that positions are available.\n    at withRetry.maxAttempts (H:\LeeSanHoon\auto-signal-bot\src\charts\binance-futures-client.ts:102:29)\n    at process.processTicksAndRejections (node:internal/process/task_queues:105:5)\n    at async withRetry (H:\LeeSanHoon\auto-signal-bot\src\shared\infra\retry.ts:84:14)\n    at async signedRequest (H:\LeeSanHoon\auto-signal-bot\src\charts\binance-futures-client.ts:81:12)\n    at async placeStopMarketOrder (H:\LeeSanHoon\auto-signal-bot\src\charts\binance-futures-client.ts:282:18)\n    at async placeProtectionOrdersAndFinalize (H:\LeeSanHoon\auto-signal-bot\src\charts\binance-execution-shared.ts:477:21)\n    at async pollPendingEntryOrders (H:\LeeSanHoon\auto-signal-bot\src\charts\binance-execution-shared.ts:1083:11)\n    at async main (H:\LeeSanHoon\auto-signal-bot\src\charts\index.ts:325:5)"
        }
      }
    ]
[2026-07-12 17:34:25.017 +0700] [32mINFO[39m: [36mRun complete[39m
    [35msource[39m: "charts:index"
    [35margs[39m: [
      {
        "scannedPairs": 64,
        "attemptedPairs": 64,
        "summaryPairs": 64,
        "skippedPairs": 0,
        "setupCount": 4,
        "elapsedSeconds": 15.3,
        "engineMode": "bob-volman",
        "runContext": "manual",
        "timeframeMode": "single",
        "primaryTimeframe": "M15",
        "analysisTimeframe": "M15",
        "openTradeNotifications": 4
      }
    ]
