
> auto-signal-bot@1.0.0 analyze
> tsx src/charts/index.ts

[2026-07-12 17:35:52.969 +0700] [32mINFO[39m: [36mChart scanner starting[39m
    [35msource[39m: "charts:index"
    [35margs[39m: [
      {
        "engineMode": "bob-volman",
        "runContext": "manual",
        "timeframeMode": "single",
        "primaryTimeframe": "H1",
        "analysisTimeframe": "H1"
      }
    ]
[2026-07-12 17:35:54.201 +0700] [32mINFO[39m: [36mSetup filtered by freshness guard[39m
    [35msource[39m: "charts:index"
    [35margs[39m: [
      {
        "pair": "WLD/USDT",
        "reason": "Gia da vuot TP1/SL (check gia tuc: 0.41450). Entry: 0.40400, TP1: 0.41420, SL: 0.39380."
      }
    ]
[2026-07-12 17:35:55.070 +0700] [32mINFO[39m: [36mSkipped duplicate open position[39m
    [35msource[39m: "charts:index"
    [35margs[39m: [
      {
        "pair": "ZEC/USDT"
      }
    ]
[2026-07-12 17:35:55.388 +0700] [32mINFO[39m: [36mSkipped duplicate open position[39m
    [35msource[39m: "charts:index"
    [35margs[39m: [
      {
        "pair": "CRV/USDT"
      }
    ]
[2026-07-12 17:35:55.388 +0700] [32mINFO[39m: [36mSending results to Telegram[39m
    [35msource[39m: "charts:index"
    [35margs[39m: [
      {
        "source": "cached",
        "candleKey": "2026-07-12T10:deterministic:single:H1"
      }
    ]
[2026-07-12 17:35:57.276 +0700] [32mINFO[39m: [36m  ✓ Sent setup: ZEC/USDT LONG[39m
    [35msource[39m: "shared:telegram-volman"
[2026-07-12 17:35:58.808 +0700] [32mINFO[39m: [36m  ✓ Sent setup: CRV/USDT SHORT[39m
    [35msource[39m: "shared:telegram-volman"
[2026-07-12 17:36:00.251 +0700] [32mINFO[39m: [36mChecking open positions[39m
    [35msource[39m: "charts:index"
[2026-07-12 17:36:00.251 +0700] [32mINFO[39m: [36mCheck open trades starting[39m
    [35msource[39m: "charts:check-open-trades-volman"
    [35margs[39m: [
      {
        "timeframe": "H1"
      }
    ]
[2026-07-12 17:36:00.578 +0700] [32mINFO[39m: [36mLoaded open positions[39m
    [35msource[39m: "charts:check-open-trades-volman"
    [35margs[39m: [
      {
        "count": 2
      }
    ]
[2026-07-12 17:36:00.578 +0700] [32mINFO[39m: [36mChecking open position[39m
    [35msource[39m: "charts:check-open-trades-volman"
    [35margs[39m: [
      {
        "id": 10,
        "pair": "ZEC/USDT"
      }
    ]
[2026-07-12 17:36:00.578 +0700] [33mWARN[39m: [36mFailed to fetch OHLC for open position; sending explicit warning[39m
    [35msource[39m: "charts:check-open-trades-volman"
    [35margs[39m: [
      {
        "pair": "ZEC/USDT",
        "id": 10
      }
    ]
[2026-07-12 17:36:01.638 +0700] [32mINFO[39m: [36mFinished open position[39m
    [35msource[39m: "charts:check-open-trades-volman"
    [35margs[39m: [
      {
        "id": 10,
        "pair": "ZEC/USDT"
      }
    ]
[2026-07-12 17:36:01.638 +0700] [32mINFO[39m: [36mChecking open position[39m
    [35msource[39m: "charts:check-open-trades-volman"
    [35margs[39m: [
      {
        "id": 11,
        "pair": "CRV/USDT"
      }
    ]
[2026-07-12 17:36:01.638 +0700] [33mWARN[39m: [36mFailed to fetch OHLC for open position; sending explicit warning[39m
    [35msource[39m: "charts:check-open-trades-volman"
    [35margs[39m: [
      {
        "pair": "CRV/USDT",
        "id": 11
      }
    ]
[2026-07-12 17:36:03.394 +0700] [32mINFO[39m: [36mFinished open position[39m
    [35msource[39m: "charts:check-open-trades-volman"
    [35margs[39m: [
      {
        "id": 11,
        "pair": "CRV/USDT"
      }
    ]
[2026-07-12 17:36:03.394 +0700] [32mINFO[39m: [36mCheck open trades complete[39m
    [35msource[39m: "charts:check-open-trades-volman"
[2026-07-12 17:36:03.394 +0700] [32mINFO[39m: [36mPolling pending entry orders[39m
    [35msource[39m: "charts:index"
    [35margs[39m: [
      {
        "timeframe": "H1"
      }
    ]
[2026-07-12 17:36:03.583 +0700] [32mINFO[39m: [36mRun complete[39m
    [35msource[39m: "charts:index"
    [35margs[39m: [
      {
        "scannedPairs": 64,
        "attemptedPairs": 64,
        "summaryPairs": 64,
        "skippedPairs": 0,
        "setupCount": 7,
        "elapsedSeconds": 10.6,
        "engineMode": "bob-volman",
        "runContext": "manual",
        "timeframeMode": "single",
        "primaryTimeframe": "H1",
        "analysisTimeframe": "H1",
        "openTradeNotifications": 2
      }
    ]
